<?xml version="1.0" encoding="UTF-8"?>
<testsuite xmlns:xsi="http://www.w3.org/2001/XMLSchema-instance" xsi:noNamespaceSchemaLocation="https://maven.apache.org/surefire/maven-surefire-plugin/xsd/surefire-test-report.xsd" name="programmer.zaman.now.test.CalculatorTest" time="0.068" tests="6" errors="0" skipped="3" failures="0">
  <properties>
[...]
</properties>
  <testcase name="testAborted" classname="programmer.zaman.now.test.CalculatorTest" time="0">
    <skipped message="Test dibatalkan karena bukan DEV" type="org.opentest4j.TestAbortedException">org.opentest4j.TestAbortedException: Test dibatalkan karena bukan DEV
	at programmer.zaman.now.test.CalculatorTest.testAborted(CalculatorTest.java:63)
</skipped>
    <system-out><![CDATA[Before all
Before each
After each
]]></system-out>
  </testcase>
  <testcase name="testDivideFailed" classname="programmer.zaman.now.test.CalculatorTest" time="0.008"/>
  <testcase name="testAddSuccess" classname="programmer.zaman.now.test.CalculatorTest" time="0.006"/>
  <testcase name="testComingSoon" classname="programmer.zaman.now.test.CalculatorTest" time="0">
    <skipped message="public void programmer.zaman.now.test.CalculatorTest.testComingSoon() is @Disabled"/>
  </testcase>
  <testcase name="testAssumptions" classname="programmer.zaman.now.test.CalculatorTest" time="0">
    <skipped message="Assumption failed: assumption is not true" type="org.opentest4j.TestAbortedException">org.opentest4j.TestAbortedException: Assumption failed: assumption is not true
	at programmer.zaman.now.test.CalculatorTest.testAssumptions(CalculatorTest.java:70)
</skipped>
    <system-out><![CDATA[Before each
After each
]]></system-out>
  </testcase>
  <testcase name="testDivideSuccess" classname="programmer.zaman.now.test.CalculatorTest" time="0.001"/>
</testsuite>